<?xml version="1.0" encoding="UTF-8"?>
<testsuite xmlns:xsi="http://www.w3.org/2001/XMLSchema-instance" xsi:noNamespaceSchemaLocation="https://maven.apache.org/surefire/maven-surefire-plugin/xsd/surefire-test-report.xsd" name="br.com.jhonatansouza.CommandWorkerQueueTest" time="0.07" tests="4" errors="4" skipped="0" failures="0">
  <properties>
    <property name="java.specification.version" value="17"/>
    <property name="sun.cpu.isalist" value="amd64"/>
    <property name="sun.jnu.encoding" value="Cp1252"/>
    <property name="java.class.path" value="C:\Users\jhona\IdeaProjects\command-worker\target\test-classes;C:\Users\jhona\IdeaProjects\command-worker\target\classes;C:\Users\jhona\.m2\repository\junit\junit\4.13.2\junit-4.13.2.jar;C:\Users\jhona\.m2\repository\org\hamcrest\hamcrest-core\1.3\hamcrest-core-1.3.jar;"/>
    <property name="java.vm.vendor" value="Oracle Corporation"/>
    <property name="sun.arch.data.model" value="64"/>
    <property name="user.variant" value=""/>
    <property name="java.vendor.url" value="https://java.oracle.com/"/>
    <property name="user.timezone" value="America/Sao_Paulo"/>
    <property name="user.country.format" value="BR"/>
    <property name="os.name" value="Windows 11"/>
    <property name="java.vm.specification.version" value="17"/>
    <property name="sun.java.launcher" value="SUN_STANDARD"/>
    <property name="user.country" value="US"/>
    <property name="sun.boot.library.path" value="C:\Program Files\Java\jdk-17.0.2\bin"/>
    <property name="sun.java.command" value="C:\Users\jhona\AppData\Local\Temp\surefire293841584267126871\surefirebooter12721829075031390153.jar C:\Users\jhona\AppData\Local\Temp\surefire293841584267126871 2023-09-03T19-06-44_464-jvmRun1 surefire12789005562310330824tmp surefire_06086081401713468961tmp"/>
    <property name="jdk.debug" value="release"/>
    <property name="surefire.test.class.path" value="C:\Users\jhona\IdeaProjects\command-worker\target\test-classes;C:\Users\jhona\IdeaProjects\command-worker\target\classes;C:\Users\jhona\.m2\repository\junit\junit\4.13.2\junit-4.13.2.jar;C:\Users\jhona\.m2\repository\org\hamcrest\hamcrest-core\1.3\hamcrest-core-1.3.jar;"/>
    <property name="sun.cpu.endian" value="little"/>
    <property name="user.home" value="C:\Users\jhona"/>
    <property name="user.language" value="en"/>
    <property name="java.specification.vendor" value="Oracle Corporation"/>
    <property name="java.version.date" value="2022-01-18"/>
    <property name="java.home" value="C:\Program Files\Java\jdk-17.0.2"/>
    <property name="file.separator" value="\"/>
    <property name="basedir" value="C:\Users\jhona\IdeaProjects\command-worker"/>
    <property name="java.vm.compressedOopsMode" value="Zero based"/>
    <property name="line.separator" value="&#10;"/>
    <property name="java.vm.specification.vendor" value="Oracle Corporation"/>
    <property name="java.specification.name" value="Java Platform API Specification"/>
    <property name="surefire.real.class.path" value="C:\Users\jhona\AppData\Local\Temp\surefire293841584267126871\surefirebooter12721829075031390153.jar"/>
    <property name="user.script" value=""/>
    <property name="sun.management.compiler" value="HotSpot 64-Bit Tiered Compilers"/>
    <property name="java.runtime.version" value="17.0.2+8-LTS-86"/>
    <property name="user.name" value="jhona"/>
    <property name="path.separator" value=";"/>
    <property name="os.version" value="10.0"/>
    <property name="java.runtime.name" value="Java(TM) SE Runtime Environment"/>
    <property name="file.encoding" value="Cp1252"/>
    <property name="java.vm.name" value="Java HotSpot(TM) 64-Bit Server VM"/>
    <property name="localRepository" value="C:\Users\jhona\.m2\repository"/>
    <property name="java.vendor.url.bug" value="https://bugreport.java.com/bugreport/"/>
    <property name="java.io.tmpdir" value="C:\Users\jhona\AppData\Local\Temp\"/>
    <property name="idea.version" value="2022.3.1"/>
    <property name="java.version" value="17.0.2"/>
    <property name="user.dir" value="C:\Users\jhona\IdeaProjects\command-worker"/>
    <property name="os.arch" value="amd64"/>
    <property name="java.vm.specification.name" value="Java Virtual Machine Specification"/>
    <property name="user.language.format" value="pt"/>
    <property name="sun.os.patch.level" value=""/>
    <property name="native.encoding" value="Cp1252"/>
    <property name="java.library.path" value="C:\Program Files\Java\jdk-17.0.2\bin;C:\WINDOWS\Sun\Java\bin;C:\WINDOWS\system32;C:\WINDOWS;C:\Python311\Scripts\;C:\Python311\;C:\Program Files\Common Files\Oracle\Java\javapath;C:\Program Files\Oculus\Support\oculus-runtime;C:\Windows\system32;C:\Windows;C:\Windows\System32\Wbem;C:\Windows\System32\WindowsPowerShell\v1.0\;C:\Windows\System32\OpenSSH\;C:\WINDOWS\system32;C:\WINDOWS;C:\WINDOWS\System32\Wbem;C:\WINDOWS\System32\WindowsPowerShell\v1.0\;C:\WINDOWS\System32\OpenSSH\;C:\Program Files\Docker\Docker\resources\bin;C:\ProgramData\DockerDesktop\version-bin;C:\Program Files\dotnet\;C:\Program Files (x86)\dotnet\;C:\Program Files (x86)\Touch Portal\plugins\adb\platform-tools;C:\ProgramData\chocolatey\bin;C:\Program Files\nodejs\;C:\Program Files\Git\cmd;C:\Program Files (x86)\NVIDIA Corporation\PhysX\Common;C:\Program Files\NVIDIA Corporation\NVIDIA NvDLISR;C:\Users\jhona\AppData\Local\Microsoft\WindowsApps;C:\Program Files\JetBrains\IntelliJ IDEA Community Edition 2021.2\bin;;C:\Users\jhona\AppData\Local\GitHubDesktop\bin;C:\Users\jhona\AppData\Local\Programs\Microsoft VS Code\bin;C:\Users\jhona\.dotnet\tools;C:\Users\jhona\AppData\Roaming\npm;."/>
    <property name="java.vm.info" value="mixed mode, sharing"/>
    <property name="java.vendor" value="Oracle Corporation"/>
    <property name="java.vm.version" value="17.0.2+8-LTS-86"/>
    <property name="sun.io.unicode.encoding" value="UnicodeLittle"/>
    <property name="java.class.version" value="61.0"/>
  </properties>
  <testcase name="assertThrowsIndexNotFoundException" classname="br.com.jhonatansouza.CommandWorkerQueueTest" time="0.012">
    <error message="kotlin/jvm/internal/Intrinsics" type="java.lang.NoClassDefFoundError">java.lang.NoClassDefFoundError: kotlin/jvm/internal/Intrinsics
	at br.com.jhonatansouza.CommandWorkerQueueTest.assertThrowsIndexNotFoundException(CommandWorkerQueueTest.kt:35)
Caused by: java.lang.ClassNotFoundException: kotlin.jvm.internal.Intrinsics
	at br.com.jhonatansouza.CommandWorkerQueueTest.assertThrowsIndexNotFoundException(CommandWorkerQueueTest.kt:35)
</error>
  </testcase>
  <testcase name="assertThatAfterTearDownTheResultListShouldBeEmpty" classname="br.com.jhonatansouza.CommandWorkerQueueTest" time="0">
    <error message="kotlin/jvm/internal/Intrinsics" type="java.lang.NoClassDefFoundError">java.lang.NoClassDefFoundError: kotlin/jvm/internal/Intrinsics
	at br.com.jhonatansouza.CommandWorkerQueueTest.assertThatAfterTearDownTheResultListShouldBeEmpty(CommandWorkerQueueTest.kt:65)
Caused by: java.lang.ClassNotFoundException: kotlin.jvm.internal.Intrinsics
	at br.com.jhonatansouza.CommandWorkerQueueTest.assertThatAfterTearDownTheResultListShouldBeEmpty(CommandWorkerQueueTest.kt:65)
</error>
  </testcase>
  <testcase name="executeCommandAndResultProcessResult" classname="br.com.jhonatansouza.CommandWorkerQueueTest" time="0">
    <error message="kotlin/jvm/internal/Intrinsics" type="java.lang.NoClassDefFoundError">java.lang.NoClassDefFoundError: kotlin/jvm/internal/Intrinsics
	at br.com.jhonatansouza.CommandWorkerQueueTest.executeCommandAndResultProcessResult(CommandWorkerQueueTest.kt:18)
Caused by: java.lang.ClassNotFoundException: kotlin.jvm.internal.Intrinsics
	at br.com.jhonatansouza.CommandWorkerQueueTest.executeCommandAndResultProcessResult(CommandWorkerQueueTest.kt:18)
</error>
  </testcase>
  <testcase name="assertSearchOfResultOfNotResultingIndexShouldThrowsIndexNotFoundException" classname="br.com.jhonatansouza.CommandWorkerQueueTest" time="0">
    <error message="kotlin/jvm/internal/Intrinsics" type="java.lang.NoClassDefFoundError">java.lang.NoClassDefFoundError: kotlin/jvm/internal/Intrinsics
	at br.com.jhonatansouza.CommandWorkerQueueTest.assertSearchOfResultOfNotResultingIndexShouldThrowsIndexNotFoundException(CommandWorkerQueueTest.kt:52)
Caused by: java.lang.ClassNotFoundException: kotlin.jvm.internal.Intrinsics
	at br.com.jhonatansouza.CommandWorkerQueueTest.assertSearchOfResultOfNotResultingIndexShouldThrowsIndexNotFoundException(CommandWorkerQueueTest.kt:52)
</error>
  </testcase>
</testsuite>