<?xml version="1.0" encoding="UTF-8"?>
<testsuite xmlns:xsi="http://www.w3.org/2001/XMLSchema-instance" xsi:noNamespaceSchemaLocation="https://maven.apache.org/surefire/maven-surefire-plugin/xsd/surefire-test-report.xsd" name="br.com.jhonatansouza.CommandWorkerQueueTest" time="0.129" tests="5" errors="0" skipped="0" failures="0">
  <properties>
[...]
</properties>
  <testcase name="assertThrowsIndexNotFoundException" classname="br.com.jhonatansouza.CommandWorkerQueueTest" time="0.068"/>
  <testcase name="assertThatAfterTearDownTheResultListShouldBeEmpty" classname="br.com.jhonatansouza.CommandWorkerQueueTest" time="0"/>
  <testcase name="assertCommandWorkerWillBeExecuted" classname="br.com.jhonatansouza.CommandWorkerQueueTest" time="0"/>
  <testcase name="executeCommandAndResultProcessResult" classname="br.com.jhonatansouza.CommandWorkerQueueTest" time="0"/>
  <testcase name="assertSearchOfResultOfNotResultingIndexShouldThrowsIndexNotFoundException" classname="br.com.jhonatansouza.CommandWorkerQueueTest" time="0"/>
</testsuite>