<?xml version="1.0" encoding="UTF-8"?>
<testsuite xmlns:xsi="http://www.w3.org/2001/XMLSchema-instance" xsi:noNamespaceSchemaLocation="https://maven.apache.org/surefire/maven-surefire-plugin/xsd/surefire-test-report.xsd" name="br.com.jhonatansouza.CommandWorkerQueueTest" time="0.07" tests="4" errors="4" skipped="0" failures="0">
  <properties>
[...]
</properties>
  <testcase name="assertThrowsIndexNotFoundException" classname="br.com.jhonatansouza.CommandWorkerQueueTest" time="0.012">
    <error message="kotlin/jvm/internal/Intrinsics" type="java.lang.NoClassDefFoundError">java.lang.NoClassDefFoundError: kotlin/jvm/internal/Intrinsics
	at br.com.jhonatansouza.CommandWorkerQueueTest.assertThrowsIndexNotFoundException(CommandWorkerQueueTest.kt:35)
Caused by: java.lang.ClassNotFoundException: kotlin.jvm.internal.Intrinsics
	at br.com.jhonatansouza.CommandWorkerQueueTest.assertThrowsIndexNotFoundException(CommandWorkerQueueTest.kt:35)
</error>
  </testcase>
  <testcase name="assertThatAfterTearDownTheResultListShouldBeEmpty" classname="br.com.jhonatansouza.CommandWorkerQueueTest" time="0">
    <error message="kotlin/jvm/internal/Intrinsics" type="java.lang.NoClassDefFoundError">java.lang.NoClassDefFoundError: kotlin/jvm/internal/Intrinsics
	at br.com.jhonatansouza.CommandWorkerQueueTest.assertThatAfterTearDownTheResultListShouldBeEmpty(CommandWorkerQueueTest.kt:65)
Caused by: java.lang.ClassNotFoundException: kotlin.jvm.internal.Intrinsics
	at br.com.jhonatansouza.CommandWorkerQueueTest.assertThatAfterTearDownTheResultListShouldBeEmpty(CommandWorkerQueueTest.kt:65)
</error>
  </testcase>
  <testcase name="executeCommandAndResultProcessResult" classname="br.com.jhonatansouza.CommandWorkerQueueTest" time="0">
    <error message="kotlin/jvm/internal/Intrinsics" type="java.lang.NoClassDefFoundError">java.lang.NoClassDefFoundError: kotlin/jvm/internal/Intrinsics
	at br.com.jhonatansouza.CommandWorkerQueueTest.executeCommandAndResultProcessResult(CommandWorkerQueueTest.kt:18)
Caused by: java.lang.ClassNotFoundException: kotlin.jvm.internal.Intrinsics
	at br.com.jhonatansouza.CommandWorkerQueueTest.executeCommandAndResultProcessResult(CommandWorkerQueueTest.kt:18)
</error>
  </testcase>
  <testcase name="assertSearchOfResultOfNotResultingIndexShouldThrowsIndexNotFoundException" classname="br.com.jhonatansouza.CommandWorkerQueueTest" time="0">
    <error message="kotlin/jvm/internal/Intrinsics" type="java.lang.NoClassDefFoundError">java.lang.NoClassDefFoundError: kotlin/jvm/internal/Intrinsics
	at br.com.jhonatansouza.CommandWorkerQueueTest.assertSearchOfResultOfNotResultingIndexShouldThrowsIndexNotFoundException(CommandWorkerQueueTest.kt:52)
Caused by: java.lang.ClassNotFoundException: kotlin.jvm.internal.Intrinsics
	at br.com.jhonatansouza.CommandWorkerQueueTest.assertSearchOfResultOfNotResultingIndexShouldThrowsIndexNotFoundException(CommandWorkerQueueTest.kt:52)
</error>
  </testcase>
</testsuite>